
------------------------------------------------------------
Sender: LSF System <lsfadmin@noderome184>
Subject: Job 247002320: <run-lsf-problematic-packages> in cluster <hpcf_research_cluster> Exited

Job <run-lsf-problematic-packages> was submitted from host <noderome184> by user <achroni> in cluster <hpcf_research_cluster> at Fri Jan 17 17:01:20 2025
Job was executed on host(s) <2*noderome184>, in queue <standard>, as user <achroni> in cluster <hpcf_research_cluster> at Fri Jan 17 17:05:25 2025
</home/achroni> was used as the home directory.
</research/dept/dnb/core_operations/Bioinformatics/achroni/GitHub/sc-rna-seq-snap/run-container/.> was used as the working directory.
Started at Fri Jan 17 17:05:25 2025
Terminated at Fri Jan 17 17:05:27 2025
Results reported at Fri Jan 17 17:05:27 2025

Your job looked like:

------------------------------------------------------------
# LSBATCH: User input
#BSUB -P project
#BSUB -J run-lsf-problematic-packages
#BSUB -oo job.out -eo job.err
#BSUB -n 2
#BSUB -R "rusage[mem=2GB] span[hosts=1]"
#BSUB -cwd "."

singularity exec ../../rstudio_4.4.0_seurat_4.4.0_latest.sif Rscript -e "rmarkdown::render('run-lsf-problematic-packages.Rmd')"
------------------------------------------------------------

TERM_OWNER: job killed by owner.
Exited with signal termination: 2.

Resource usage summary:

    CPU time :                                   0.01 sec.
    Max Memory :                                 1 MB
    Average Memory :                             1.00 MB
    Total Requested Memory :                     4096.00 MB
    Delta Memory :                               4095.00 MB
    Max Swap :                                   -
    Max Processes :                              1
    Max Threads :                                1
    Run time :                                   248 sec.
    Turnaround time :                            247 sec.

The output (if any) is above this job summary.



PS:

Read file <job.err> for stderr output of this job.

