/research/dept/dnb/core_operations/Bioinformatics/zakhagrp/snRNASeq_of_DS_in_Df1_mice
/research/dept/dnb/core_operations/Bioinformatics/common/ReferenceGenomes/mus_musculus/GRCm39/downloads/refdata-gex-GRCm39-2024-A/
DefaultParameters
/research_jude/rgs01_jude/dept/DNB/core_operations/Bioinformatics/achroni/GitHub/pipeline-testing/sc-rna-seq-snap
Still need to run CellRanger for DST809 Submitting command now.
Still need to run CellRanger for DST811 Submitting command now.
Still need to run CellRanger for DST813 Submitting command now.
Still need to run CellRanger for DST815 Submitting command now.
Still need to run CellRanger for DST817 Submitting command now.
Still need to run CellRanger for DST800 Submitting command now.
Still need to run CellRanger for DST802 Submitting command now.
Still need to run CellRanger for DST804 Submitting command now.

------------------------------------------------------------
Sender: LSF System <lsfadmin@noderome229>
Subject: Job 242034060: <j1> in cluster <hpcf_research_cluster> Done

Job <j1> was submitted from host <noderome229> by user <achroni> in cluster <hpcf_research_cluster> at Thu Nov 14 13:54:27 2024
Job was executed on host(s) <noderome229>, in queue <standard>, as user <achroni> in cluster <hpcf_research_cluster> at Thu Nov 14 13:54:47 2024
</home/achroni> was used as the home directory.
</research/dept/dnb/core_operations/Bioinformatics/achroni/GitHub/pipeline-testing/sc-rna-seq-snap/analyses/cellranger-analysis/.> was used as the working directory.
Started at Thu Nov 14 13:54:47 2024
Terminated at Thu Nov 14 13:55:02 2024
Results reported at Thu Nov 14 13:55:02 2024

Your job looked like:

------------------------------------------------------------
# LSBATCH: User input
bash /research_jude/rgs01_jude/dept/DNB/core_operations/Bioinformatics/achroni/GitHub/pipeline-testing/sc-rna-seq-snap/analyses/cellranger-analysis/j1.bsub
------------------------------------------------------------

Successfully completed.

Resource usage summary:

    CPU time :                                   0.29 sec.
    Max Memory :                                 14 MB
    Average Memory :                             10.00 MB
    Total Requested Memory :                     2048.00 MB
    Delta Memory :                               2034.00 MB
    Max Swap :                                   -
    Max Processes :                              6
    Max Threads :                                11
    Run time :                                   15 sec.
    Turnaround time :                            35 sec.

The output (if any) is above this job summary.



PS:

Read file </research_jude/rgs01_jude/dept/DNB/core_operations/Bioinformatics/achroni/GitHub/pipeline-testing/sc-rna-seq-snap/analyses/cellranger-analysis/j1.err> for stderr output of this job.

